[0m[[0m[0mdebug[0m] [0m[0m> Exec(fullOptJS::webpack, None, None)[0m
[0m[[0m[0mdebug[0m] [0m[0mEvaluating tasks: Compile / fullOptJS / webpack[0m
[0m[[0m[33mwarn[0m] [0m[0msbt 0.13 shell syntax is deprecated; use slash syntax instead: Compile / fullOptJS / webpack[0m
[0m[[0m[0mdebug[0m] [0m[0mRunning task... Cancel: Signal, check cycles: false, forcegc: true[0m
[0m[[0m[0minfo[0m] [0m[0mcompiling 1 Scala source to /Users/martijnriemers/IdeaProjects/scala-action/target/scala-3.1.3/classes ...[0m
[0m[[0m[0minfo[0m] [0m[0mUpdating NPM dependencies[0m
[0m[[0m[0minfo[0m] [0m[0mdone compiling[0m
[0m[[0m[0minfo[0m] [0m[0mFull optimizing /Users/martijnriemers/IdeaProjects/scala-action/target/scala-3.1.3/scala-action-opt[0m
[0m[[0m[0minfo[0m] [0m[0mClosure: 0 error(s), 0 warning(s)[0m
[0m[[0m[0minfo[0m] [0m[0madded 310 packages, and audited 311 packages in 9s[0m
[0m[[0m[0minfo[0m] [0m[0m38 packages are looking for funding[0m
[0m[[0m[0minfo[0m] [0m[0m  run `npm fund` for details[0m
[0m[[0m[0minfo[0m] [0m[0mfound 0 vulnerabilities[0m
[0m[[0m[0minfo[0m] [0m[0mWriting scalajs.webpack.config.js[0m
[0m[[0m[0minfo[0m] [0m[0mBundling the application with its NPM dependencies[0m
[0m[[0m[0minfo[0m] [0m[0mVersion: 5.74.0[0m
[0m[[0m[0minfo[0m] [0m[0mHash: a75917fd6a50cc2233de[0m
[0m[[0m[0minfo[0m] [0m[0mTime: 569ms[0m
[0m[[0m[0minfo[0m] [0m[0mPath: /Users/martijnriemers/IdeaProjects/scala-action/target/scala-3.1.3/scalajs-bundler/main[0m
[0m[[0m[0minfo[0m] [0m[0m                     Asset       Size                           Chunks[0m
[0m[[0m[0minfo[0m] [0m[0mscala-action-opt-bundle.js   7,30 KiB   [emitted]   [scala-action-opt][0m
[0m[[0m[0mdebug[0m] [0m[0mGlobal IR cache stats: reused: 0 -- invalidated: 5 -- trees read: 213[0m
[0m[[0m[32msuccess[0m] [0m[0mTotal time: 13 s, completed 2 aug. 2022 17:43:20[0m
[0m[[0m[0mdebug[0m] [0m[0m> Exec(idea-shell, None, None)[0m
